Removed Pin From Net: NetName=AVCC_3V3 Pin=C53-1
Removed Pin From Net: NetName=AGND Pin=C53-2
Removed Pin From Net: NetName=AVCC_3V3 Pin=C54-1
Removed Pin From Net: NetName=AGND Pin=C54-2
Removed Pin From Net: NetName=AGND Pin=C55-2
Removed Pin From Net: NetName=SEN_OUT Pin=C57-1
Removed Pin From Net: NetName=AVCC_3V3 Pin=C58-1
Removed Pin From Net: NetName=AGND Pin=C58-2
Removed Pin From Net: NetName=SEN_IN Pin=C60-2
Removed Pin From Net: NetName=AGND Pin=C61-1
Removed Pin From Net: NetName=AGND Pin=C62-1
Removed Pin From Net: NetName=AGND Pin=C63-1
Removed Pin From Net: NetName=AVCC_3V3 Pin=C63-2
Removed Pin From Net: NetName=AGND Pin=C64-1
Removed Pin From Net: NetName=AVCC_3V3 Pin=C64-2
Removed Pin From Net: NetName=Z_OUT Pin=C66-2
Removed Pin From Net: NetName=Y_OUT Pin=C71-2
Removed Pin From Net: NetName=X_OUT Pin=C78-2
Removed Pin From Net: NetName=AGND Pin=N1-4
Removed Pin From Net: NetName=SEN_OUT Pin=N1-6
Removed Pin From Net: NetName=SEN_OUT Pin=N1-7
Removed Pin From Net: NetName=AVCC_3V3 Pin=N1-8
Removed Pin From Net: NetName=Z_OUT Pin=N2-1
Removed Pin From Net: NetName=Z_OUT Pin=N2-2
Removed Pin From Net: NetName=AVCC_3V3 Pin=N2-4
Removed Pin From Net: NetName=X_OUT Pin=N2-6
Removed Pin From Net: NetName=X_OUT Pin=N2-7
Removed Pin From Net: NetName=Y_OUT Pin=N2-8
Removed Pin From Net: NetName=Y_OUT Pin=N2-9
Removed Pin From Net: NetName=AGND Pin=N2-11
Removed Pin From Net: NetName=Z-AXIS Pin=R27-1
Removed Pin From Net: NetName=Y-AXIS Pin=R30-1
Removed Pin From Net: NetName=X-AXIS Pin=R32-1
Removed Pin From Net: NetName=AVCC_3V3 Pin=U12-1
Removed Pin From Net: NetName=AGND Pin=U12-3
Removed Member From Class: ClassName=lora Member=C53
Removed Member From Class: ClassName=lora Member=C54
Removed Member From Class: ClassName=lora Member=C55
Removed Member From Class: ClassName=lora Member=C56
Removed Member From Class: ClassName=lora Member=C57
Removed Member From Class: ClassName=lora Member=C58
Removed Member From Class: ClassName=lora Member=C60
Removed Member From Class: ClassName=lora Member=C61
Removed Member From Class: ClassName=lora Member=C62
Removed Member From Class: ClassName=lora Member=C63
Removed Member From Class: ClassName=lora Member=C64
Removed Member From Class: ClassName=lora Member=C65
Removed Member From Class: ClassName=lora Member=C66
Removed Member From Class: ClassName=lora Member=C69
Removed Member From Class: ClassName=lora Member=C71
Removed Member From Class: ClassName=lora Member=C76
Removed Member From Class: ClassName=lora Member=C78
Removed Member From Class: ClassName=lora Member=N1
Removed Member From Class: ClassName=lora Member=N2
Removed Member From Class: ClassName=lora Member=R22
Removed Member From Class: ClassName=lora Member=R23
Removed Member From Class: ClassName=lora Member=R24
Removed Member From Class: ClassName=lora Member=R25
Removed Member From Class: ClassName=lora Member=R26
Removed Member From Class: ClassName=lora Member=R27
Removed Member From Class: ClassName=lora Member=R28
Removed Member From Class: ClassName=lora Member=R30
Removed Member From Class: ClassName=lora Member=R31
Removed Member From Class: ClassName=lora Member=R32
Removed Member From Class: ClassName=lora Member=R33
Removed Member From Class: ClassName=lora Member=U12
