Removed Pin From Net: NetName=VBAT_GND Pin=C7-2
Removed Pin From Net: NetName=EGND Pin=C8-1
Removed Pin From Net: NetName=VBAT_GND Pin=C10-1
Removed Pin From Net: NetName=VBAT_GND Pin=C15-1
Removed Pin From Net: NetName=EGND Pin=C15-2
Removed Pin From Net: NetName=VBAT_GND Pin=C16-1
Removed Pin From Net: NetName=VBAT_GND Pin=C25-2
Removed Pin From Net: NetName=WAKEUP_2 Pin=D1-2
Removed Pin From Net: NetName=VBAT_GND Pin=L4-2
Removed Pin From Net: NetName=VBAT_GND Pin=R4-2
Removed Pin From Net: NetName=WAKEUP_1 Pin=R6-2
Removed Pin From Net: NetName=WAKEUP_1 Pin=R9-1
Removed Pin From Net: NetName=VBAT_GND Pin=R9-2
Removed Pin From Net: NetName=WAKEUP_2 Pin=U4-1
Removed Pin From Net: NetName=VBAT_GND Pin=U4-2
Removed Member From Class: ClassName=lora Member=C7
Removed Member From Class: ClassName=lora Member=C8
Removed Member From Class: ClassName=lora Member=C9
Removed Member From Class: ClassName=lora Member=C10
Removed Member From Class: ClassName=lora Member=C14
Removed Member From Class: ClassName=lora Member=C15
Removed Member From Class: ClassName=lora Member=C16
Removed Member From Class: ClassName=lora Member=C25
Removed Member From Class: ClassName=lora Member=D1
Removed Member From Class: ClassName=lora Member=D2
Removed Member From Class: ClassName=lora Member=D3
Removed Member From Class: ClassName=lora Member=L1
Removed Member From Class: ClassName=lora Member=L2
Removed Member From Class: ClassName=lora Member=L3
Removed Member From Class: ClassName=lora Member=L4
Removed Member From Class: ClassName=lora Member=P1
Removed Member From Class: ClassName=lora Member=Q1
Removed Member From Class: ClassName=lora Member=R2
Removed Member From Class: ClassName=lora Member=R4
Removed Member From Class: ClassName=lora Member=R6
Removed Member From Class: ClassName=lora Member=R9
Removed Member From Class: ClassName=lora Member=U4
Added Pin To Net: NetName=VBAT_GND Pin=BT1-1
Added Pin To Net: NetName=VBAT_GND Pin=C11-2
Added Pin To Net: NetName=VBAT_GND Pin=C12-2
Added Pin To Net: NetName=VBAT_GND Pin=C13-2
Added Pin To Net: NetName=VBAT_GND Pin=C22-1
Added Pin To Net: NetName=VBAT_GND Pin=L5-1
Added Pin To Net: NetName=VBAT_GND Pin=L9-1
Added Pin To Net: NetName=VBAT_GND Pin=R1-1
Added Pin To Net: NetName=VBAT_GND Pin=R15-1
