Added Net: Name=AGND
Added Net: Name=AVCC_1V5
Added Net: Name=AVCC_3V3
Added Net: Name=EGND
Added Net: Name=LMT+3V0
Added Net: Name=NetC1_1
Added Net: Name=NetC1_2
Added Net: Name=NetC2_2
Added Net: Name=NetC7_1
Added Net: Name=NetC8_2
Added Net: Name=NetC9_2
Added Net: Name=NetC12_1
Added Net: Name=NetC13_1
Added Net: Name=NetC18_1
Added Net: Name=NetC19_1
Added Net: Name=NetC20_1
Added Net: Name=NetC21_1
Added Net: Name=SEN_IN
Added Net: Name=SEN_OUT
Added Net: Name=VN
Added Net: Name=X-AXIS
Added Net: Name=X_OUT
Added Net: Name=Y-AXIS
Added Net: Name=Y_OUT
Added Net: Name=Z-AXIS
Added Net: Name=Z_OUT
Added Class: Name=µ×°å
