Added Component: Designator=C1(0603C)
Added Component: Designator=C2(0603C)
Added Component: Designator=C3(0603c)
Added Component: Designator=C4(0603C)
Added Component: Designator=C5(0603C)
Added Component: Designator=C6(0603C)
Added Component: Designator=C7(0603c)
Added Component: Designator=C8(0603C)
Added Component: Designator=C9(0603C)
Added Component: Designator=C10(0603C)
Added Component: Designator=C11(0603C)
Added Component: Designator=C12(0603C)
Added Component: Designator=C13(0603C)
Added Component: Designator=C14(0603C)
Added Component: Designator=C15(0603C)
Added Component: Designator=C16(0603C)
Added Component: Designator=C17(0603C)
Added Component: Designator=C18(0603C)
Added Component: Designator=C19(0603C)
Added Component: Designator=C20(0603C)
Added Component: Designator=C21(0603C)
Added Component: Designator=EGND1(M2.5x4_L)
Added Component: Designator=EGND2(M2.5x4_L)
Added Component: Designator=EGND3(M2.5x4_L)
Added Component: Designator=EGND4(M2.5x4_L)
Added Component: Designator=N1(MSOP8_M)
Added Component: Designator=N2(TSSOP14_L)
Added Component: Designator=N3(LFDFN-14)
Added Component: Designator=P1(5p)
Added Component: Designator=P2(FPC1.0-2H-WS-8P)
Added Component: Designator=R1(0603R)
Added Component: Designator=R2(0603R)
Added Component: Designator=R3(0603R)
Added Component: Designator=R4(0603R)
Added Component: Designator=R5(0603R)
Added Component: Designator=R6(0603R)
Added Component: Designator=R7(0603R)
Added Component: Designator=R8(0603R)
Added Component: Designator=R9(0603R)
Added Component: Designator=R10(0603R)
Added Component: Designator=R11(0603R)
Added Component: Designator=U1(SOT23-3N)
Added Pin To Net: NetName=AGND Pin=C3-2
Added Pin To Net: NetName=AGND Pin=C4-2
Added Pin To Net: NetName=AGND Pin=C5-2
Added Pin To Net: NetName=AGND Pin=C6-2
Added Pin To Net: NetName=AGND Pin=C8-1
Added Pin To Net: NetName=AGND Pin=C9-1
Added Pin To Net: NetName=AGND Pin=C10-1
Added Pin To Net: NetName=AGND Pin=C11-1
Added Pin To Net: NetName=AGND Pin=C14-2
Added Pin To Net: NetName=AGND Pin=C15-2
Added Pin To Net: NetName=AGND Pin=C16-2
Added Pin To Net: NetName=AGND Pin=C17-2
Added Pin To Net: NetName=AGND Pin=N1-4
Added Pin To Net: NetName=AGND Pin=N2-11
Added Pin To Net: NetName=AGND Pin=N3-1
Added Pin To Net: NetName=AGND Pin=N3-3
Added Pin To Net: NetName=AGND Pin=N3-4
Added Pin To Net: NetName=AGND Pin=N3-5
Added Pin To Net: NetName=AGND Pin=N3-6
Added Pin To Net: NetName=AGND Pin=N3-7
Added Pin To Net: NetName=AGND Pin=N3-10
Added Pin To Net: NetName=AGND Pin=N3-11
Added Pin To Net: NetName=AGND Pin=N3-12
Added Pin To Net: NetName=AGND Pin=P1-2
Added Pin To Net: NetName=AGND Pin=P2-8
Added Pin To Net: NetName=AGND Pin=U1-3
Added Net: Name=AGND
Added Pin To Net: NetName=AVCC_1V5 Pin=C5-1
Added Pin To Net: NetName=AVCC_1V5 Pin=C12-2
Added Pin To Net: NetName=AVCC_1V5 Pin=C18-2
Added Pin To Net: NetName=AVCC_1V5 Pin=C20-2
Added Pin To Net: NetName=AVCC_1V5 Pin=R5-1
Added Pin To Net: NetName=AVCC_1V5 Pin=U1-2
Added Net: Name=AVCC_1V5
Added Pin To Net: NetName=AVCC_3V3 Pin=C3-1
Added Pin To Net: NetName=AVCC_3V3 Pin=C4-1
Added Pin To Net: NetName=AVCC_3V3 Pin=C6-1
Added Pin To Net: NetName=AVCC_3V3 Pin=C10-2
Added Pin To Net: NetName=AVCC_3V3 Pin=C11-2
Added Pin To Net: NetName=AVCC_3V3 Pin=C17-1
Added Pin To Net: NetName=AVCC_3V3 Pin=N1-8
Added Pin To Net: NetName=AVCC_3V3 Pin=N2-4
Added Pin To Net: NetName=AVCC_3V3 Pin=N3-8
Added Pin To Net: NetName=AVCC_3V3 Pin=N3-9
Added Pin To Net: NetName=AVCC_3V3 Pin=P1-1
Added Pin To Net: NetName=AVCC_3V3 Pin=P2-7
Added Pin To Net: NetName=AVCC_3V3 Pin=U1-1
Added Net: Name=AVCC_3V3
Added Net: Name=EGND
Added Pin To Net: NetName=LMT+3V0 Pin=P1-5
Added Pin To Net: NetName=LMT+3V0 Pin=P2-1
Added Net: Name=LMT+3V0
Added Pin To Net: NetName=NetC1_1 Pin=C1-1
Added Pin To Net: NetName=NetC1_1 Pin=N1-1
Added Pin To Net: NetName=NetC1_1 Pin=N1-2
Added Pin To Net: NetName=NetC1_1 Pin=R3-1
Added Net: Name=NetC1_1
Added Pin To Net: NetName=NetC1_2 Pin=C1-2
Added Pin To Net: NetName=NetC1_2 Pin=R1-2
Added Pin To Net: NetName=NetC1_2 Pin=R2-1
Added Net: Name=NetC1_2
Added Pin To Net: NetName=NetC2_2 Pin=C2-2
Added Pin To Net: NetName=NetC2_2 Pin=R3-2
Added Pin To Net: NetName=NetC2_2 Pin=R4-1
Added Net: Name=NetC2_2
Added Pin To Net: NetName=NetC7_1 Pin=C7-1
Added Pin To Net: NetName=NetC7_1 Pin=R1-1
Added Pin To Net: NetName=NetC7_1 Pin=R5-2
Added Net: Name=NetC7_1
Added Pin To Net: NetName=NetC8_2 Pin=C8-2
Added Pin To Net: NetName=NetC8_2 Pin=N1-3
Added Pin To Net: NetName=NetC8_2 Pin=R2-2
Added Net: Name=NetC8_2
Added Pin To Net: NetName=NetC9_2 Pin=C9-2
Added Pin To Net: NetName=NetC9_2 Pin=N1-5
Added Pin To Net: NetName=NetC9_2 Pin=R4-2
Added Net: Name=NetC9_2
Added Pin To Net: NetName=NetC12_1 Pin=C12-1
Added Pin To Net: NetName=NetC12_1 Pin=N2-3
Added Pin To Net: NetName=NetC12_1 Pin=R7-2
Added Net: Name=NetC12_1
Added Pin To Net: NetName=NetC13_1 Pin=C13-1
Added Pin To Net: NetName=NetC13_1 Pin=R6-2
Added Pin To Net: NetName=NetC13_1 Pin=R7-1
Added Net: Name=NetC13_1
Added Pin To Net: NetName=NetC18_1 Pin=C18-1
Added Pin To Net: NetName=NetC18_1 Pin=N2-10
Added Pin To Net: NetName=NetC18_1 Pin=R9-2
Added Net: Name=NetC18_1
Added Pin To Net: NetName=NetC19_1 Pin=C19-1
Added Pin To Net: NetName=NetC19_1 Pin=R8-2
Added Pin To Net: NetName=NetC19_1 Pin=R9-1
Added Net: Name=NetC19_1
Added Pin To Net: NetName=NetC20_1 Pin=C20-1
Added Pin To Net: NetName=NetC20_1 Pin=N2-5
Added Pin To Net: NetName=NetC20_1 Pin=R11-2
Added Net: Name=NetC20_1
Added Pin To Net: NetName=NetC21_1 Pin=C21-1
Added Pin To Net: NetName=NetC21_1 Pin=R10-2
Added Pin To Net: NetName=NetC21_1 Pin=R11-1
Added Net: Name=NetC21_1
Added Pin To Net: NetName=SEN_IN Pin=C7-2
Added Pin To Net: NetName=SEN_IN Pin=P1-3
Added Pin To Net: NetName=SEN_IN Pin=P2-6
Added Net: Name=SEN_IN
Added Pin To Net: NetName=SEN_OUT Pin=C2-1
Added Pin To Net: NetName=SEN_OUT Pin=N1-6
Added Pin To Net: NetName=SEN_OUT Pin=N1-7
Added Net: Name=SEN_OUT
Added Pin To Net: NetName=VN Pin=P1-4
Added Pin To Net: NetName=VN Pin=P2-2
Added Net: Name=VN
Added Pin To Net: NetName=X-AXIS Pin=C14-1
Added Pin To Net: NetName=X-AXIS Pin=N3-2
Added Pin To Net: NetName=X-AXIS Pin=P2-4
Added Pin To Net: NetName=X-AXIS Pin=R10-1
Added Net: Name=X-AXIS
Added Pin To Net: NetName=X_OUT Pin=C21-2
Added Pin To Net: NetName=X_OUT Pin=N2-6
Added Pin To Net: NetName=X_OUT Pin=N2-7
Added Net: Name=X_OUT
Added Pin To Net: NetName=Y-AXIS Pin=C15-1
Added Pin To Net: NetName=Y-AXIS Pin=N3-13
Added Pin To Net: NetName=Y-AXIS Pin=P2-5
Added Pin To Net: NetName=Y-AXIS Pin=R8-1
Added Net: Name=Y-AXIS
Added Pin To Net: NetName=Y_OUT Pin=C19-2
Added Pin To Net: NetName=Y_OUT Pin=N2-8
Added Pin To Net: NetName=Y_OUT Pin=N2-9
Added Net: Name=Y_OUT
Added Pin To Net: NetName=Z-AXIS Pin=C16-1
Added Pin To Net: NetName=Z-AXIS Pin=N3-14
Added Pin To Net: NetName=Z-AXIS Pin=P2-3
Added Pin To Net: NetName=Z-AXIS Pin=R6-1
Added Net: Name=Z-AXIS
Added Pin To Net: NetName=Z_OUT Pin=C13-2
Added Pin To Net: NetName=Z_OUT Pin=N2-1
Added Pin To Net: NetName=Z_OUT Pin=N2-2
Added Net: Name=Z_OUT
Added Class: Name=µ×°å
