Change Component Designator: Old Designator=C1 New Designator=C14
Change Component Designator: Old Designator=C2 New Designator=C15
Change Component Designator: Old Designator=C3 New Designator=C16
Change Component Designator: Old Designator=C4 New Designator=C17
Change Component Designator: Old Designator=C53 New Designator=C3
Change Component Designator: Old Designator=C54 New Designator=C4
Change Component Designator: Old Designator=C55 New Designator=C5
Change Component Designator: Old Designator=C56 New Designator=C1
Change Component Designator: Old Designator=C57 New Designator=C2
Change Component Designator: Old Designator=C58 New Designator=C6
Change Component Designator: Old Designator=C60 New Designator=C7
Change Component Designator: Old Designator=C61 New Designator=C8
Change Component Designator: Old Designator=C62 New Designator=C9
Change Component Designator: Old Designator=C63 New Designator=C10
Change Component Designator: Old Designator=C64 New Designator=C11
Change Component Designator: Old Designator=C65 New Designator=C12
Change Component Designator: Old Designator=C66 New Designator=C13
Change Component Designator: Old Designator=C69 New Designator=C18
Change Component Designator: Old Designator=C71 New Designator=C19
Change Component Designator: Old Designator=C76 New Designator=C20
Change Component Designator: Old Designator=C78 New Designator=C21
Change Component Designator: Old Designator=EGND1 New Designator=EGND3
Change Component Designator: Old Designator=EGND2 New Designator=EGND4
Change Component Designator: Old Designator=EGND3 New Designator=EGND1
Change Component Designator: Old Designator=EGND4 New Designator=EGND2
Change Component Designator: Old Designator=N1 New Designator=N3
Change Component Designator: Old Designator=P5 New Designator=P2
Change Component Designator: Old Designator=R22 New Designator=R1
Change Component Designator: Old Designator=R23 New Designator=R2
Change Component Designator: Old Designator=R24 New Designator=R3
Change Component Designator: Old Designator=R25 New Designator=R4
Change Component Designator: Old Designator=R26 New Designator=R5
Change Component Designator: Old Designator=R27 New Designator=R6
Change Component Designator: Old Designator=R28 New Designator=R7
Change Component Designator: Old Designator=R30 New Designator=R8
Change Component Designator: Old Designator=R31 New Designator=R9
Change Component Designator: Old Designator=R32 New Designator=R10
Change Component Designator: Old Designator=R33 New Designator=R11
Change Component Designator: Old Designator=U12 New Designator=U1
